<?xml version="1.0" encoding="UTF-8"?>
<!-- Generated by org.testng.reporters.JUnitReportReporter -->
<testsuite hostname="Shruti" failures="0" tests="1" name="tests.HomePageTest" time="34.678" errors="0" timestamp="2025-06-20T20:28:13 IST" skipped="0">
  <testcase classname="tests.HomePageTest" name="testNavigateToOpinionSection" time="34.678"/>
</testsuite> <!-- tests.HomePageTest -->
