<?xml version="1.0" encoding="UTF-8"?>
<!-- Generated by org.testng.reporters.JUnitReportReporter -->
<testsuite hostname="Shruti" failures="0" tests="5" name="tests.ElPaisScraperTest" time="821.803" errors="0" timestamp="2025-06-23T11:48:32 IST" skipped="1">
  <testcase classname="tests.ElPaisScraperTest" name="runScraperTest" time="188.478"/>
  <testcase classname="tests.ElPaisScraperTest" name="runScraperTest" time="153.103">
    <skipped/>
  </testcase> <!-- runScraperTest -->
  <testcase classname="tests.ElPaisScraperTest" name="runScraperTest" time="171.063"/>
  <testcase classname="tests.ElPaisScraperTest" name="runScraperTest" time="155.940"/>
  <testcase classname="tests.ElPaisScraperTest" name="runScraperTest" time="153.219"/>
</testsuite> <!-- tests.ElPaisScraperTest -->
